<?xml version="1.0" encoding="UTF-8"?>
<testng-results ignored="0" total="1" passed="1" failed="0" skipped="0">
  <reporter-output>
  </reporter-output>
  <suite started-at="2024-08-21T19:09:29 IST" name="Suite" finished-at="2024-08-21T19:11:24 IST" duration-ms="114921">
    <groups>
      <group name="cucumber">
        <method signature="AbstractTestNGCucumberTests.runScenario(io.cucumber.testng.PickleWrapper,io.cucumber.testng.FeatureWrapper)[pri:0, instance:com.TimeSheet.TestRunner.TestngRunner@b27b210]" name="runScenario" class="io.cucumber.testng.AbstractTestNGCucumberTests"/>
      </group> <!-- cucumber -->
    </groups>
    <test started-at="2024-08-21T19:09:29 IST" name="Test" finished-at="2024-08-21T19:11:24 IST" duration-ms="114921">
      <class name="com.TimeSheet.TestRunner.TestngRunner">
        <test-method is-config="true" signature="setUpClass(org.testng.ITestContext)[pri:0, instance:com.TimeSheet.TestRunner.TestngRunner@b27b210]" started-at="2024-08-21T19:09:29 IST" name="setUpClass" finished-at="2024-08-21T19:09:32 IST" duration-ms="2116" status="PASS">
          <params>
            <param index="0">
              <value>
                <![CDATA[org.testng.TestRunner@589c58fb]]>
              </value>
            </param>
          </params>
          <reporter-output>
          </reporter-output>
        </test-method> <!-- setUpClass -->
        <test-method signature="runScenario(io.cucumber.testng.PickleWrapper,io.cucumber.testng.FeatureWrapper)[pri:0, instance:com.TimeSheet.TestRunner.TestngRunner@b27b210]" started-at="2024-08-21T19:09:32 IST" name="runScenario" description="Runs Cucumber Scenarios" data-provider="scenarios" finished-at="2024-08-21T19:11:20 IST" duration-ms="107927" status="PASS">
          <params>
            <param index="0">
              <value>
                <![CDATA["Navigate to Timesheet URL and Login as Admin"]]>
              </value>
            </param>
            <param index="1">
              <value>
                <![CDATA["Login to Timesheet as Admin"]]>
              </value>
            </param>
          </params>
          <reporter-output>
          </reporter-output>
        </test-method> <!-- runScenario -->
        <test-method is-config="true" signature="tearDownClass()[pri:0, instance:com.TimeSheet.TestRunner.TestngRunner@b27b210]" started-at="2024-08-21T19:11:20 IST" name="tearDownClass" finished-at="2024-08-21T19:11:24 IST" duration-ms="4598" status="PASS">
          <reporter-output>
          </reporter-output>
        </test-method> <!-- tearDownClass -->
      </class> <!-- com.TimeSheet.TestRunner.TestngRunner -->
    </test> <!-- Test -->
  </suite> <!-- Suite -->
</testng-results>
