<?xml version="1.0" encoding="UTF-8"?>
<testng-results ignored="0" total="4" passed="4" failed="0" skipped="0">
  <reporter-output>
  </reporter-output>
  <suite started-at="2024-05-28T10:43:14Z" name="Suite" finished-at="2024-05-28T10:44:50Z" duration-ms="95384">
    <groups>
      <group name="cucumber">
        <method signature="AbstractTestNGCucumberTests.runScenario(io.cucumber.testng.PickleWrapper, io.cucumber.testng.FeatureWrapper)[pri:0, instance:com.TimeSheet.TestRunner.TestNGTestRunner@3232a28a]" name="runScenario" class="io.cucumber.testng.AbstractTestNGCucumberTests"/>
        <method signature="AbstractTestNGCucumberTests.runScenario(io.cucumber.testng.PickleWrapper, io.cucumber.testng.FeatureWrapper)[pri:0, instance:com.TimeSheet.TestRunner.TestNGTestRunner@25fb8912]" name="runScenario" class="io.cucumber.testng.AbstractTestNGCucumberTests"/>
      </group> <!-- cucumber -->
    </groups>
    <test started-at="2024-05-28T10:43:14Z" name="TestChrome" finished-at="2024-05-28T10:43:59Z" duration-ms="45162">
      <class name="com.TimeSheet.TestRunner.TestNGTestRunner">
        <test-method is-config="true" signature="defineBrowser(java.lang.String)[pri:0, instance:com.TimeSheet.TestRunner.TestNGTestRunner@3232a28a]" started-at="2024-05-28T16:13:14Z" name="defineBrowser" finished-at="2024-05-28T16:13:14Z" duration-ms="11" status="PASS">
          <params>
            <param index="0">
              <value>
                <![CDATA[chrome]]>
              </value>
            </param>
          </params>
          <reporter-output>
          </reporter-output>
        </test-method> <!-- defineBrowser -->
        <test-method is-config="true" signature="setUpClass(org.testng.ITestContext)[pri:0, instance:com.TimeSheet.TestRunner.TestNGTestRunner@3232a28a]" started-at="2024-05-28T16:13:14Z" name="setUpClass" finished-at="2024-05-28T16:13:15Z" duration-ms="393" status="PASS">
          <params>
            <param index="0">
              <value>
                <![CDATA[org.testng.TestRunner@3292eff7]]>
              </value>
            </param>
          </params>
          <reporter-output>
          </reporter-output>
        </test-method> <!-- setUpClass -->
        <test-method signature="runScenario(io.cucumber.testng.PickleWrapper, io.cucumber.testng.FeatureWrapper)[pri:0, instance:com.TimeSheet.TestRunner.TestNGTestRunner@3232a28a]" started-at="2024-05-28T16:13:15Z" name="runScenario" description="Runs Cucumber Scenarios" data-provider="scenarios" finished-at="2024-05-28T16:13:37Z" duration-ms="22097" status="PASS">
          <params>
            <param index="0">
              <value>
                <![CDATA["Access website with Unsafe URL and login with valid credentials"]]>
              </value>
            </param>
            <param index="1">
              <value>
                <![CDATA["Login to Website with Unsafe URL and Launch Page Using Microsoft Account"]]>
              </value>
            </param>
          </params>
          <reporter-output>
          </reporter-output>
        </test-method> <!-- runScenario -->
        <test-method signature="runScenario(io.cucumber.testng.PickleWrapper, io.cucumber.testng.FeatureWrapper)[pri:0, instance:com.TimeSheet.TestRunner.TestNGTestRunner@3232a28a]" started-at="2024-05-28T16:13:37Z" name="runScenario" description="Runs Cucumber Scenarios" data-provider="scenarios" finished-at="2024-05-28T16:13:58Z" duration-ms="21327" status="PASS">
          <params>
            <param index="0">
              <value>
                <![CDATA["Manager able to verify pending Timesheet"]]>
              </value>
            </param>
            <param index="1">
              <value>
                <![CDATA["Manager able to verify pending Timesheet"]]>
              </value>
            </param>
          </params>
          <reporter-output>
          </reporter-output>
        </test-method> <!-- runScenario -->
        <test-method is-config="true" signature="tearDownClass()[pri:0, instance:com.TimeSheet.TestRunner.TestNGTestRunner@3232a28a]" started-at="2024-05-28T16:13:58Z" name="tearDownClass" finished-at="2024-05-28T16:13:59Z" duration-ms="1320" status="PASS">
          <reporter-output>
          </reporter-output>
        </test-method> <!-- tearDownClass -->
      </class> <!-- com.TimeSheet.TestRunner.TestNGTestRunner -->
    </test> <!-- TestChrome -->
    <test started-at="2024-05-28T10:43:59Z" name="TestEdge" finished-at="2024-05-28T10:44:50Z" duration-ms="50190">
      <class name="com.TimeSheet.TestRunner.TestNGTestRunner">
        <test-method is-config="true" signature="defineBrowser(java.lang.String)[pri:0, instance:com.TimeSheet.TestRunner.TestNGTestRunner@25fb8912]" started-at="2024-05-28T16:13:59Z" name="defineBrowser" finished-at="2024-05-28T16:13:59Z" duration-ms="0" status="PASS">
          <params>
            <param index="0">
              <value>
                <![CDATA[edge]]>
              </value>
            </param>
          </params>
          <reporter-output>
          </reporter-output>
        </test-method> <!-- defineBrowser -->
        <test-method is-config="true" signature="setUpClass(org.testng.ITestContext)[pri:0, instance:com.TimeSheet.TestRunner.TestNGTestRunner@25fb8912]" started-at="2024-05-28T16:13:59Z" name="setUpClass" finished-at="2024-05-28T16:13:59Z" duration-ms="23" status="PASS">
          <params>
            <param index="0">
              <value>
                <![CDATA[org.testng.TestRunner@29ea5e0]]>
              </value>
            </param>
          </params>
          <reporter-output>
          </reporter-output>
        </test-method> <!-- setUpClass -->
        <test-method signature="runScenario(io.cucumber.testng.PickleWrapper, io.cucumber.testng.FeatureWrapper)[pri:0, instance:com.TimeSheet.TestRunner.TestNGTestRunner@25fb8912]" started-at="2024-05-28T16:13:59Z" name="runScenario" description="Runs Cucumber Scenarios" data-provider="scenarios" finished-at="2024-05-28T16:14:24Z" duration-ms="24119" status="PASS">
          <params>
            <param index="0">
              <value>
                <![CDATA["Access website with Unsafe URL and login with valid credentials"]]>
              </value>
            </param>
            <param index="1">
              <value>
                <![CDATA["Login to Website with Unsafe URL and Launch Page Using Microsoft Account"]]>
              </value>
            </param>
          </params>
          <reporter-output>
          </reporter-output>
        </test-method> <!-- runScenario -->
        <test-method signature="runScenario(io.cucumber.testng.PickleWrapper, io.cucumber.testng.FeatureWrapper)[pri:0, instance:com.TimeSheet.TestRunner.TestNGTestRunner@25fb8912]" started-at="2024-05-28T16:14:24Z" name="runScenario" description="Runs Cucumber Scenarios" data-provider="scenarios" finished-at="2024-05-28T16:14:49Z" duration-ms="25545" status="PASS">
          <params>
            <param index="0">
              <value>
                <![CDATA["Manager able to verify pending Timesheet"]]>
              </value>
            </param>
            <param index="1">
              <value>
                <![CDATA["Manager able to verify pending Timesheet"]]>
              </value>
            </param>
          </params>
          <reporter-output>
          </reporter-output>
        </test-method> <!-- runScenario -->
        <test-method is-config="true" signature="tearDownClass()[pri:0, instance:com.TimeSheet.TestRunner.TestNGTestRunner@25fb8912]" started-at="2024-05-28T16:14:49Z" name="tearDownClass" finished-at="2024-05-28T16:14:50Z" duration-ms="500" status="PASS">
          <reporter-output>
          </reporter-output>
        </test-method> <!-- tearDownClass -->
      </class> <!-- com.TimeSheet.TestRunner.TestNGTestRunner -->
    </test> <!-- TestEdge -->
  </suite> <!-- Suite -->
</testng-results>
